<?xml version="1.0" encoding="UTF-8"?>
<!-- Generated by org.testng.reporters.JUnitReportReporter -->
<testsuite hostname="LAPTOP-62LRSUPR" failures="0" tests="1" name="Outlook.testscript.TC_Login" time="41.812" errors="0" timestamp="2023-10-09T21:43:21 IST" skipped="0">
  <testcase classname="Outlook.testscript.TC_Login" name="tsalesforcesilogin" time="41.812"/>
  <system-out/>
</testsuite> <!-- Outlook.testscript.TC_Login -->
